{"/Users/gabriel.acosta/Sites/gabo/projects/leasy/node_modules/cylonsoft-sequelize-datatables/lib/builder.js":{"path":"/Users/gabriel.acosta/Sites/gabo/projects/leasy/node_modules/cylonsoft-sequelize-datatables/lib/builder.js","s":{"1":1,"2":1,"3":5,"4":2,"5":3,"6":3,"7":3,"8":3,"9":3,"10":1,"11":3,"12":1,"13":3,"14":3,"15":3,"16":1,"17":2,"18":1,"19":0,"20":1,"21":1,"22":1,"23":1,"24":1,"25":1,"26":1,"27":1,"28":1,"29":2,"30":1,"31":0,"32":0,"33":0,"34":1},"b":{"1":[2,3],"2":[5,4],"3":[3,0]},"f":{"1":5,"2":3,"3":3,"4":2,"5":0,"6":1,"7":1,"8":1,"9":2,"10":0,"11":0},"fnMap":{"1":{"name":"DtBuilder","line":6,"loc":{"start":{"line":6,"column":0},"end":{"line":6,"column":33}}},"2":{"name":"(anonymous_2)","line":14,"loc":{"start":{"line":14,"column":30},"end":{"line":14,"column":40}}},"3":{"name":"(anonymous_3)","line":19,"loc":{"start":{"line":19,"column":27},"end":{"line":19,"column":37}}},"4":{"name":"(anonymous_4)","line":25,"loc":{"start":{"line":25,"column":32},"end":{"line":25,"column":42}}},"5":{"name":"(anonymous_5)","line":28,"loc":{"start":{"line":28,"column":34},"end":{"line":28,"column":44}}},"6":{"name":"(anonymous_6)","line":31,"loc":{"start":{"line":31,"column":35},"end":{"line":31,"column":45}}},"7":{"name":"(anonymous_7)","line":34,"loc":{"start":{"line":34,"column":42},"end":{"line":34,"column":57}}},"8":{"name":"(anonymous_8)","line":37,"loc":{"start":{"line":37,"column":66},"end":{"line":37,"column":83}}},"9":{"name":"(anonymous_9)","line":43,"loc":{"start":{"line":43,"column":34},"end":{"line":43,"column":44}}},"10":{"name":"(anonymous_10)","line":46,"loc":{"start":{"line":46,"column":28},"end":{"line":46,"column":38}}},"11":{"name":"(anonymous_11)","line":48,"loc":{"start":{"line":48,"column":34},"end":{"line":48,"column":44}}}},"statementMap":{"1":{"start":{"line":5,"column":0},"end":{"line":5,"column":34}},"2":{"start":{"line":6,"column":0},"end":{"line":13,"column":1}},"3":{"start":{"line":7,"column":2},"end":{"line":7,"column":98}},"4":{"start":{"line":7,"column":51},"end":{"line":7,"column":97}},"5":{"start":{"line":8,"column":2},"end":{"line":8,"column":21}},"6":{"start":{"line":9,"column":2},"end":{"line":9,"column":23}},"7":{"start":{"line":10,"column":2},"end":{"line":10,"column":19}},"8":{"start":{"line":11,"column":2},"end":{"line":11,"column":21}},"9":{"start":{"line":12,"column":2},"end":{"line":12,"column":14}},"10":{"start":{"line":14,"column":0},"end":{"line":18,"column":2}},"11":{"start":{"line":15,"column":2},"end":{"line":17,"column":4}},"12":{"start":{"line":19,"column":0},"end":{"line":24,"column":2}},"13":{"start":{"line":20,"column":2},"end":{"line":20,"column":40}},"14":{"start":{"line":21,"column":2},"end":{"line":23,"column":3}},"15":{"start":{"line":22,"column":4},"end":{"line":22,"column":36}},"16":{"start":{"line":25,"column":0},"end":{"line":27,"column":2}},"17":{"start":{"line":26,"column":2},"end":{"line":26,"column":21}},"18":{"start":{"line":28,"column":0},"end":{"line":30,"column":2}},"19":{"start":{"line":29,"column":2},"end":{"line":29,"column":23}},"20":{"start":{"line":31,"column":0},"end":{"line":42,"column":2}},"21":{"start":{"line":32,"column":2},"end":{"line":33,"column":18}},"22":{"start":{"line":34,"column":2},"end":{"line":36,"column":6}},"23":{"start":{"line":35,"column":4},"end":{"line":35,"column":34}},"24":{"start":{"line":37,"column":2},"end":{"line":40,"column":6}},"25":{"start":{"line":38,"column":4},"end":{"line":38,"column":45}},"26":{"start":{"line":39,"column":4},"end":{"line":39,"column":33}},"27":{"start":{"line":41,"column":2},"end":{"line":41,"column":31}},"28":{"start":{"line":43,"column":0},"end":{"line":45,"column":2}},"29":{"start":{"line":44,"column":2},"end":{"line":44,"column":23}},"30":{"start":{"line":46,"column":0},"end":{"line":51,"column":2}},"31":{"start":{"line":47,"column":2},"end":{"line":47,"column":23}},"32":{"start":{"line":48,"column":2},"end":{"line":50,"column":5}},"33":{"start":{"line":49,"column":4},"end":{"line":49,"column":35}},"34":{"start":{"line":52,"column":0},"end":{"line":52,"column":27}}},"branchMap":{"1":{"line":7,"type":"if","locations":[{"start":{"line":7,"column":2},"end":{"line":7,"column":2}},{"start":{"line":7,"column":2},"end":{"line":7,"column":2}}]},"2":{"line":7,"type":"binary-expr","locations":[{"start":{"line":7,"column":5},"end":{"line":7,"column":24}},{"start":{"line":7,"column":28},"end":{"line":7,"column":48}}]},"3":{"line":21,"type":"if","locations":[{"start":{"line":21,"column":2},"end":{"line":21,"column":2}},{"start":{"line":21,"column":2},"end":{"line":21,"column":2}}]}}},"/Users/gabriel.acosta/Sites/gabo/projects/leasy/node_modules/cylonsoft-sequelize-datatables/lib/index.js":{"path":"/Users/gabriel.acosta/Sites/gabo/projects/leasy/node_modules/cylonsoft-sequelize-datatables/lib/index.js","s":{"1":1,"2":1,"3":2,"4":0},"b":{},"f":{"1":2},"fnMap":{"1":{"name":"(anonymous_1)","line":13,"loc":{"start":{"line":13,"column":22},"end":{"line":13,"column":43}}}},"statementMap":{"1":{"start":{"line":11,"column":0},"end":{"line":11,"column":37}},"2":{"start":{"line":13,"column":0},"end":{"line":16,"column":2}},"3":{"start":{"line":14,"column":2},"end":{"line":14,"column":42}},"4":{"start":{"line":15,"column":2},"end":{"line":15,"column":25}}},"branchMap":{}}}