TN:
SF:/Users/gabriel.acosta/Sites/gabo/projects/leasy/node_modules/cylonsoft-sequelize-datatables/lib/builder.js
FN:6,DtBuilder
FN:14,(anonymous_2)
FN:19,(anonymous_3)
FN:25,(anonymous_4)
FN:28,(anonymous_5)
FN:31,(anonymous_6)
FN:34,(anonymous_7)
FN:37,(anonymous_8)
FN:43,(anonymous_9)
FN:46,(anonymous_10)
FN:48,(anonymous_11)
FNF:11
FNH:8
FNDA:5,DtBuilder
FNDA:3,(anonymous_2)
FNDA:3,(anonymous_3)
FNDA:2,(anonymous_4)
FNDA:0,(anonymous_5)
FNDA:1,(anonymous_6)
FNDA:1,(anonymous_7)
FNDA:1,(anonymous_8)
FNDA:2,(anonymous_9)
FNDA:0,(anonymous_10)
FNDA:0,(anonymous_11)
DA:5,1
DA:6,1
DA:7,5
DA:8,3
DA:9,3
DA:10,3
DA:11,3
DA:12,3
DA:14,1
DA:15,3
DA:19,1
DA:20,3
DA:21,3
DA:22,3
DA:25,1
DA:26,2
DA:28,1
DA:29,0
DA:31,1
DA:32,1
DA:34,1
DA:35,1
DA:37,1
DA:38,1
DA:39,1
DA:41,1
DA:43,1
DA:44,2
DA:46,1
DA:47,0
DA:48,0
DA:49,0
DA:52,1
LF:33
LH:29
BRDA:7,1,0,2
BRDA:7,1,1,3
BRDA:7,2,0,5
BRDA:7,2,1,4
BRDA:21,3,0,3
BRDA:21,3,1,0
BRF:6
BRH:5
end_of_record
TN:
SF:/Users/gabriel.acosta/Sites/gabo/projects/leasy/node_modules/cylonsoft-sequelize-datatables/lib/index.js
FN:13,(anonymous_1)
FNF:1
FNH:1
FNDA:2,(anonymous_1)
DA:11,1
DA:13,1
DA:14,2
DA:15,0
LF:4
LH:3
BRF:0
BRH:0
end_of_record
